<?xml version="1.0" encoding="UTF-8"?>
<!-- Generated by org.testng.reporters.JUnitXMLReporter -->
<testsuite ignored="0" hostname="DESKTOP-2SSI7FC" failures="9" tests="51" name="Surefire test" time="24.931" errors="0" timestamp="2022-12-20T02:41:47 IST">
  <testcase classname="com.newbikes.base.Base" name="@AfterClass tearDown" time="0.065">
    <failure type="org.openqa.selenium.NoSuchSessionException" message="Tried to run command without establishing a connection
Build info: version: &amp;apos;4.6.0&amp;apos;, revision: &amp;apos;79f1c02ae20&amp;apos;
System info: os.name: &amp;apos;Windows 10&amp;apos;, os.arch: &amp;apos;amd64&amp;apos;, os.version: &amp;apos;10.0&amp;apos;, java.version: &amp;apos;19.0.1&amp;apos;
Driver info: org.openqa.selenium.firefox.FirefoxDriver
Command: [d711b03d-07e1-46fa-8c3e-7d5b1a29ac6c, quit {}]
Capabilities {acceptInsecureCerts: true, browserName: firefox, browserVersion: 108.0.1, moz:accessibilityChecks: false, moz:buildID: 20221215175817, moz:debuggerAddress: 127.0.0.1:40649, moz:geckodriverVersion: 0.32.0, moz:headless: false, moz:platformVersion: 10.0, moz:processID: 10744, moz:profile: C:\Users\Ashik\AppData\Loca..., moz:shutdownTimeout: 60000, moz:useNonSpecCompliantPointerOrigin: false, moz:webdriverClick: true, moz:windowless: false, pageLoadStrategy: normal, platformName: WINDOWS, proxy: Proxy(), se:cdp: ws://127.0.0.1:40649/devtoo..., se:cdpVersion: 85.0, setWindowRect: true, strictFileInteractability: false, timeouts: {implicit: 0, pageLoad: 300000, script: 30000}, unhandledPromptBehavior: dismiss and notify}
Session ID: d711b03d-07e1-46fa-8c3e-7d5b1a29ac6c">
      <![CDATA[org.openqa.selenium.NoSuchSessionException: Tried to run command without establishing a connection
Build info: version: '4.6.0', revision: '79f1c02ae20'
System info: os.name: 'Windows 10', os.arch: 'amd64', os.version: '10.0', java.version: '19.0.1'
Driver info: org.openqa.selenium.firefox.FirefoxDriver
Command: [d711b03d-07e1-46fa-8c3e-7d5b1a29ac6c, quit {}]
Capabilities {acceptInsecureCerts: true, browserName: firefox, browserVersion: 108.0.1, moz:accessibilityChecks: false, moz:buildID: 20221215175817, moz:debuggerAddress: 127.0.0.1:40649, moz:geckodriverVersion: 0.32.0, moz:headless: false, moz:platformVersion: 10.0, moz:processID: 10744, moz:profile: C:\Users\Ashik\AppData\Loca..., moz:shutdownTimeout: 60000, moz:useNonSpecCompliantPointerOrigin: false, moz:webdriverClick: true, moz:windowless: false, pageLoadStrategy: normal, platformName: WINDOWS, proxy: Proxy(), se:cdp: ws://127.0.0.1:40649/devtoo..., se:cdpVersion: 85.0, setWindowRect: true, strictFileInteractability: false, timeouts: {implicit: 0, pageLoad: 300000, script: 30000}, unhandledPromptBehavior: dismiss and notify}
Session ID: d711b03d-07e1-46fa-8c3e-7d5b1a29ac6c
at org.openqa.selenium.remote.codec.w3c.W3CHttpResponseCodec.createException(W3CHttpResponseCodec.java:200)
at org.openqa.selenium.remote.codec.w3c.W3CHttpResponseCodec.decode(W3CHttpResponseCodec.java:133)
at org.openqa.selenium.remote.codec.w3c.W3CHttpResponseCodec.decode(W3CHttpResponseCodec.java:53)
at org.openqa.selenium.remote.HttpCommandExecutor.execute(HttpCommandExecutor.java:184)
at org.openqa.selenium.remote.service.DriverCommandExecutor.invokeExecute(DriverCommandExecutor.java:167)
at org.openqa.selenium.remote.service.DriverCommandExecutor.lambda$execute$1(DriverCommandExecutor.java:105)
at java.base/java.util.concurrent.CompletableFuture$AsyncSupply.run(CompletableFuture.java:1768)
at java.base/java.util.concurrent.ThreadPoolExecutor.runWorker(ThreadPoolExecutor.java:1144)
at java.base/java.util.concurrent.ThreadPoolExecutor$Worker.run(ThreadPoolExecutor.java:642)
at java.base/java.lang.Thread.run(Thread.java:1589)
... Removed 3 stack frames]]>
    </failure>
  </testcase> <!-- @AfterClass tearDown -->
  <testcase classname="com.newbikes.base.Base" name="@AfterClass tearDown" time="0.063">
    <failure type="org.openqa.selenium.NoSuchSessionException" message="Tried to run command without establishing a connection
Build info: version: &amp;apos;4.6.0&amp;apos;, revision: &amp;apos;79f1c02ae20&amp;apos;
System info: os.name: &amp;apos;Windows 10&amp;apos;, os.arch: &amp;apos;amd64&amp;apos;, os.version: &amp;apos;10.0&amp;apos;, java.version: &amp;apos;19.0.1&amp;apos;
Driver info: org.openqa.selenium.firefox.FirefoxDriver
Command: [e06c7747-b81c-448b-a3c0-6969b2c280f8, quit {}]
Capabilities {acceptInsecureCerts: true, browserName: firefox, browserVersion: 108.0.1, moz:accessibilityChecks: false, moz:buildID: 20221215175817, moz:debuggerAddress: 127.0.0.1:39639, moz:geckodriverVersion: 0.32.0, moz:headless: false, moz:platformVersion: 10.0, moz:processID: 21460, moz:profile: C:\Users\Ashik\AppData\Loca..., moz:shutdownTimeout: 60000, moz:useNonSpecCompliantPointerOrigin: false, moz:webdriverClick: true, moz:windowless: false, pageLoadStrategy: normal, platformName: WINDOWS, proxy: Proxy(), se:cdp: ws://127.0.0.1:39639/devtoo..., se:cdpVersion: 85.0, setWindowRect: true, strictFileInteractability: false, timeouts: {implicit: 0, pageLoad: 300000, script: 30000}, unhandledPromptBehavior: dismiss and notify}
Session ID: e06c7747-b81c-448b-a3c0-6969b2c280f8">
      <![CDATA[org.openqa.selenium.NoSuchSessionException: Tried to run command without establishing a connection
Build info: version: '4.6.0', revision: '79f1c02ae20'
System info: os.name: 'Windows 10', os.arch: 'amd64', os.version: '10.0', java.version: '19.0.1'
Driver info: org.openqa.selenium.firefox.FirefoxDriver
Command: [e06c7747-b81c-448b-a3c0-6969b2c280f8, quit {}]
Capabilities {acceptInsecureCerts: true, browserName: firefox, browserVersion: 108.0.1, moz:accessibilityChecks: false, moz:buildID: 20221215175817, moz:debuggerAddress: 127.0.0.1:39639, moz:geckodriverVersion: 0.32.0, moz:headless: false, moz:platformVersion: 10.0, moz:processID: 21460, moz:profile: C:\Users\Ashik\AppData\Loca..., moz:shutdownTimeout: 60000, moz:useNonSpecCompliantPointerOrigin: false, moz:webdriverClick: true, moz:windowless: false, pageLoadStrategy: normal, platformName: WINDOWS, proxy: Proxy(), se:cdp: ws://127.0.0.1:39639/devtoo..., se:cdpVersion: 85.0, setWindowRect: true, strictFileInteractability: false, timeouts: {implicit: 0, pageLoad: 300000, script: 30000}, unhandledPromptBehavior: dismiss and notify}
Session ID: e06c7747-b81c-448b-a3c0-6969b2c280f8
at org.openqa.selenium.remote.codec.w3c.W3CHttpResponseCodec.createException(W3CHttpResponseCodec.java:200)
at org.openqa.selenium.remote.codec.w3c.W3CHttpResponseCodec.decode(W3CHttpResponseCodec.java:133)
at org.openqa.selenium.remote.codec.w3c.W3CHttpResponseCodec.decode(W3CHttpResponseCodec.java:53)
at org.openqa.selenium.remote.HttpCommandExecutor.execute(HttpCommandExecutor.java:184)
at org.openqa.selenium.remote.service.DriverCommandExecutor.invokeExecute(DriverCommandExecutor.java:167)
at org.openqa.selenium.remote.service.DriverCommandExecutor.lambda$execute$1(DriverCommandExecutor.java:105)
at java.base/java.util.concurrent.CompletableFuture$AsyncSupply.run(CompletableFuture.java:1768)
at java.base/java.util.concurrent.ThreadPoolExecutor.runWorker(ThreadPoolExecutor.java:1144)
at java.base/java.util.concurrent.ThreadPoolExecutor$Worker.run(ThreadPoolExecutor.java:642)
at java.base/java.lang.Thread.run(Thread.java:1589)
... Removed 3 stack frames]]>
    </failure>
  </testcase> <!-- @AfterClass tearDown -->
  <testcase classname="com.newbikes.base.Base" name="@AfterClass tearDown" time="0.062">
    <failure type="org.openqa.selenium.NoSuchSessionException" message="Tried to run command without establishing a connection
Build info: version: &amp;apos;4.6.0&amp;apos;, revision: &amp;apos;79f1c02ae20&amp;apos;
System info: os.name: &amp;apos;Windows 10&amp;apos;, os.arch: &amp;apos;amd64&amp;apos;, os.version: &amp;apos;10.0&amp;apos;, java.version: &amp;apos;19.0.1&amp;apos;
Driver info: org.openqa.selenium.firefox.FirefoxDriver
Command: [39f313eb-cd06-47c3-be23-05d9a8a1c296, quit {}]
Capabilities {acceptInsecureCerts: true, browserName: firefox, browserVersion: 108.0.1, moz:accessibilityChecks: false, moz:buildID: 20221215175817, moz:debuggerAddress: 127.0.0.1:43703, moz:geckodriverVersion: 0.32.0, moz:headless: false, moz:platformVersion: 10.0, moz:processID: 17368, moz:profile: C:\Users\Ashik\AppData\Loca..., moz:shutdownTimeout: 60000, moz:useNonSpecCompliantPointerOrigin: false, moz:webdriverClick: true, moz:windowless: false, pageLoadStrategy: normal, platformName: WINDOWS, proxy: Proxy(), se:cdp: ws://127.0.0.1:43703/devtoo..., se:cdpVersion: 85.0, setWindowRect: true, strictFileInteractability: false, timeouts: {implicit: 0, pageLoad: 300000, script: 30000}, unhandledPromptBehavior: dismiss and notify}
Session ID: 39f313eb-cd06-47c3-be23-05d9a8a1c296">
      <![CDATA[org.openqa.selenium.NoSuchSessionException: Tried to run command without establishing a connection
Build info: version: '4.6.0', revision: '79f1c02ae20'
System info: os.name: 'Windows 10', os.arch: 'amd64', os.version: '10.0', java.version: '19.0.1'
Driver info: org.openqa.selenium.firefox.FirefoxDriver
Command: [39f313eb-cd06-47c3-be23-05d9a8a1c296, quit {}]
Capabilities {acceptInsecureCerts: true, browserName: firefox, browserVersion: 108.0.1, moz:accessibilityChecks: false, moz:buildID: 20221215175817, moz:debuggerAddress: 127.0.0.1:43703, moz:geckodriverVersion: 0.32.0, moz:headless: false, moz:platformVersion: 10.0, moz:processID: 17368, moz:profile: C:\Users\Ashik\AppData\Loca..., moz:shutdownTimeout: 60000, moz:useNonSpecCompliantPointerOrigin: false, moz:webdriverClick: true, moz:windowless: false, pageLoadStrategy: normal, platformName: WINDOWS, proxy: Proxy(), se:cdp: ws://127.0.0.1:43703/devtoo..., se:cdpVersion: 85.0, setWindowRect: true, strictFileInteractability: false, timeouts: {implicit: 0, pageLoad: 300000, script: 30000}, unhandledPromptBehavior: dismiss and notify}
Session ID: 39f313eb-cd06-47c3-be23-05d9a8a1c296
at org.openqa.selenium.remote.codec.w3c.W3CHttpResponseCodec.createException(W3CHttpResponseCodec.java:200)
at org.openqa.selenium.remote.codec.w3c.W3CHttpResponseCodec.decode(W3CHttpResponseCodec.java:133)
at org.openqa.selenium.remote.codec.w3c.W3CHttpResponseCodec.decode(W3CHttpResponseCodec.java:53)
at org.openqa.selenium.remote.HttpCommandExecutor.execute(HttpCommandExecutor.java:184)
at org.openqa.selenium.remote.service.DriverCommandExecutor.invokeExecute(DriverCommandExecutor.java:167)
at org.openqa.selenium.remote.service.DriverCommandExecutor.lambda$execute$1(DriverCommandExecutor.java:105)
at java.base/java.util.concurrent.CompletableFuture$AsyncSupply.run(CompletableFuture.java:1768)
at java.base/java.util.concurrent.ThreadPoolExecutor.runWorker(ThreadPoolExecutor.java:1144)
at java.base/java.util.concurrent.ThreadPoolExecutor$Worker.run(ThreadPoolExecutor.java:642)
at java.base/java.lang.Thread.run(Thread.java:1589)
... Removed 3 stack frames]]>
    </failure>
  </testcase> <!-- @AfterClass tearDown -->
  <testcase classname="com.newbikes.test.GoogleSignInTest" name="testGoogleSignIn" time="3.461"/>
  <testcase classname="com.newbikes.test.GoogleSignInTest" name="testGoogleSignIn" time="4.853"/>
  <testcase classname="com.newbikes.test.GoogleSignInTest" name="testGoogleSignIn" time="1.603"/>
  <testcase classname="com.newbikes.test.GoogleSignInTest" name="clickSignInButton" time="1.422">
    <failure type="java.lang.AssertionError" message="Failed to click the sign-in button">
      <![CDATA[java.lang.AssertionError: Failed to click the sign-in button
at com.newbikes.test.GoogleSignInTest.clickSignInButton(GoogleSignInTest.java:47)
at java.base/java.util.ArrayList.forEach(ArrayList.java:1511)
... Removed 31 stack frames]]>
    </failure>
  </testcase> <!-- clickSignInButton -->
  <testcase classname="com.newbikes.test.GoogleSignInTest" name="clickSignInButton" time="0.003">
    <failure type="java.lang.AssertionError" message="Failed to click the sign-in button">
      <![CDATA[java.lang.AssertionError: Failed to click the sign-in button
at com.newbikes.test.GoogleSignInTest.clickSignInButton(GoogleSignInTest.java:47)
at java.base/java.util.ArrayList.forEach(ArrayList.java:1511)
... Removed 31 stack frames]]>
    </failure>
  </testcase> <!-- clickSignInButton -->
  <testcase classname="com.newbikes.test.GoogleSignInTest" name="clickSignInButton" time="0.002">
    <failure type="java.lang.AssertionError" message="Failed to click the sign-in button">
      <![CDATA[java.lang.AssertionError: Failed to click the sign-in button
at com.newbikes.test.GoogleSignInTest.clickSignInButton(GoogleSignInTest.java:47)
at java.base/java.util.ArrayList.forEach(ArrayList.java:1511)
... Removed 31 stack frames]]>
    </failure>
  </testcase> <!-- clickSignInButton -->
  <testcase classname="com.newbikes.test.GoogleSignInTest" name="clickGoogleButton" time="0.0">
    <skipped/>
  </testcase> <!-- clickGoogleButton -->
  <testcase classname="com.newbikes.test.GoogleSignInTest" name="clickGoogleButton" time="0.0">
    <skipped/>
  </testcase> <!-- clickGoogleButton -->
  <testcase classname="com.newbikes.test.GoogleSignInTest" name="clickGoogleButton" time="0.0">
    <skipped/>
  </testcase> <!-- clickGoogleButton -->
  <testcase classname="com.newbikes.test.GoogleSignInTest" name="enterUserName" time="0.0">
    <skipped/>
  </testcase> <!-- enterUserName -->
  <testcase classname="com.newbikes.test.GoogleSignInTest" name="enterUserName" time="0.0">
    <skipped/>
  </testcase> <!-- enterUserName -->
  <testcase classname="com.newbikes.test.GoogleSignInTest" name="enterUserName" time="0.0">
    <skipped/>
  </testcase> <!-- enterUserName -->
  <testcase classname="com.newbikes.test.GoogleSignInTest" name="clickNextButton" time="0.0">
    <skipped/>
  </testcase> <!-- clickNextButton -->
  <testcase classname="com.newbikes.test.GoogleSignInTest" name="clickNextButton" time="0.0">
    <skipped/>
  </testcase> <!-- clickNextButton -->
  <testcase classname="com.newbikes.test.GoogleSignInTest" name="clickNextButton" time="0.0">
    <skipped/>
  </testcase> <!-- clickNextButton -->
  <testcase classname="com.newbikes.test.GoogleSignInTest" name="getErrorMessage" time="0.0">
    <skipped/>
  </testcase> <!-- getErrorMessage -->
  <testcase classname="com.newbikes.test.GoogleSignInTest" name="getErrorMessage" time="0.0">
    <skipped/>
  </testcase> <!-- getErrorMessage -->
  <testcase classname="com.newbikes.test.GoogleSignInTest" name="getErrorMessage" time="0.0">
    <skipped/>
  </testcase> <!-- getErrorMessage -->
  <testcase classname="com.newbikes.test.UpcomingBikesTest" name="testUpcomingBike" time="1.171"/>
  <testcase classname="com.newbikes.test.UpcomingBikesTest" name="testUpcomingBike" time="2.986"/>
  <testcase classname="com.newbikes.test.UpcomingBikesTest" name="testUpcomingBike" time="1.657"/>
  <testcase classname="com.newbikes.test.UpcomingBikesTest" name="hoverOnNewBikesMenu" time="0.002">
    <failure type="java.lang.AssertionError" message="null">
      <![CDATA[java.lang.AssertionError: null
at com.newbikes.test.UpcomingBikesTest.hoverOnNewBikesMenu(UpcomingBikesTest.java:48)
at java.base/java.util.ArrayList.forEach(ArrayList.java:1511)
... Removed 32 stack frames]]>
    </failure>
  </testcase> <!-- hoverOnNewBikesMenu -->
  <testcase classname="com.newbikes.test.UpcomingBikesTest" name="hoverOnNewBikesMenu" time="0.002">
    <failure type="java.lang.AssertionError" message="null">
      <![CDATA[java.lang.AssertionError: null
at com.newbikes.test.UpcomingBikesTest.hoverOnNewBikesMenu(UpcomingBikesTest.java:48)
at java.base/java.util.ArrayList.forEach(ArrayList.java:1511)
... Removed 32 stack frames]]>
    </failure>
  </testcase> <!-- hoverOnNewBikesMenu -->
  <testcase classname="com.newbikes.test.UpcomingBikesTest" name="hoverOnNewBikesMenu" time="0.008">
    <failure type="java.lang.AssertionError" message="null">
      <![CDATA[java.lang.AssertionError: null
at com.newbikes.test.UpcomingBikesTest.hoverOnNewBikesMenu(UpcomingBikesTest.java:48)
at java.base/java.util.ArrayList.forEach(ArrayList.java:1511)
... Removed 32 stack frames]]>
    </failure>
  </testcase> <!-- hoverOnNewBikesMenu -->
  <testcase classname="com.newbikes.test.UpcomingBikesTest" name="clickUpcomingBikes" time="0.0">
    <skipped/>
  </testcase> <!-- clickUpcomingBikes -->
  <testcase classname="com.newbikes.test.UpcomingBikesTest" name="clickUpcomingBikes" time="0.0">
    <skipped/>
  </testcase> <!-- clickUpcomingBikes -->
  <testcase classname="com.newbikes.test.UpcomingBikesTest" name="clickUpcomingBikes" time="0.0">
    <skipped/>
  </testcase> <!-- clickUpcomingBikes -->
  <testcase classname="com.newbikes.test.UpcomingBikesTest" name="selectManufacturer" time="0.0">
    <skipped/>
  </testcase> <!-- selectManufacturer -->
  <testcase classname="com.newbikes.test.UpcomingBikesTest" name="selectManufacturer" time="0.0">
    <skipped/>
  </testcase> <!-- selectManufacturer -->
  <testcase classname="com.newbikes.test.UpcomingBikesTest" name="selectManufacturer" time="0.0">
    <skipped/>
  </testcase> <!-- selectManufacturer -->
  <testcase classname="com.newbikes.test.UpcomingBikesTest" name="clickViewMoreButton" time="0.0">
    <skipped/>
  </testcase> <!-- clickViewMoreButton -->
  <testcase classname="com.newbikes.test.UpcomingBikesTest" name="clickViewMoreButton" time="0.0">
    <skipped/>
  </testcase> <!-- clickViewMoreButton -->
  <testcase classname="com.newbikes.test.UpcomingBikesTest" name="clickViewMoreButton" time="0.0">
    <skipped/>
  </testcase> <!-- clickViewMoreButton -->
  <testcase classname="com.newbikes.test.UpcomingBikesTest" name="printNewBikeModels" time="0.0">
    <skipped/>
  </testcase> <!-- printNewBikeModels -->
  <testcase classname="com.newbikes.test.UpcomingBikesTest" name="printNewBikeModels" time="0.0">
    <skipped/>
  </testcase> <!-- printNewBikeModels -->
  <testcase classname="com.newbikes.test.UpcomingBikesTest" name="printNewBikeModels" time="0.0">
    <skipped/>
  </testcase> <!-- printNewBikeModels -->
  <testcase classname="com.newbikes.test.UsedCarsTest" name="testUsedCars" time="1.623"/>
  <testcase classname="com.newbikes.test.UsedCarsTest" name="testUsedCars" time="1.586"/>
  <testcase classname="com.newbikes.test.UsedCarsTest" name="testUsedCars" time="3.18"/>
  <testcase classname="com.newbikes.test.UsedCarsTest" name="hoverOnUsedCars" time="0.003">
    <failure type="java.lang.AssertionError" message="null">
      <![CDATA[java.lang.AssertionError: null
at com.newbikes.test.UsedCarsTest.hoverOnUsedCars(UsedCarsTest.java:44)
at java.base/java.util.ArrayList.forEach(ArrayList.java:1511)
... Removed 32 stack frames]]>
    </failure>
  </testcase> <!-- hoverOnUsedCars -->
  <testcase classname="com.newbikes.test.UsedCarsTest" name="hoverOnUsedCars" time="0.027">
    <failure type="java.lang.AssertionError" message="null">
      <![CDATA[java.lang.AssertionError: null
at com.newbikes.test.UsedCarsTest.hoverOnUsedCars(UsedCarsTest.java:44)
at java.base/java.util.ArrayList.forEach(ArrayList.java:1511)
... Removed 32 stack frames]]>
    </failure>
  </testcase> <!-- hoverOnUsedCars -->
  <testcase classname="com.newbikes.test.UsedCarsTest" name="hoverOnUsedCars" time="0.001">
    <failure type="java.lang.AssertionError" message="null">
      <![CDATA[java.lang.AssertionError: null
at com.newbikes.test.UsedCarsTest.hoverOnUsedCars(UsedCarsTest.java:44)
at java.base/java.util.ArrayList.forEach(ArrayList.java:1511)
... Removed 32 stack frames]]>
    </failure>
  </testcase> <!-- hoverOnUsedCars -->
  <testcase classname="com.newbikes.test.UsedCarsTest" name="clickChennai" time="0.0">
    <skipped/>
  </testcase> <!-- clickChennai -->
  <testcase classname="com.newbikes.test.UsedCarsTest" name="clickChennai" time="0.0">
    <skipped/>
  </testcase> <!-- clickChennai -->
  <testcase classname="com.newbikes.test.UsedCarsTest" name="clickChennai" time="0.001">
    <skipped/>
  </testcase> <!-- clickChennai -->
  <testcase classname="com.newbikes.test.UsedCarsTest" name="clickAllPopularCars" time="0.0">
    <skipped/>
  </testcase> <!-- clickAllPopularCars -->
  <testcase classname="com.newbikes.test.UsedCarsTest" name="clickAllPopularCars" time="0.0">
    <skipped/>
  </testcase> <!-- clickAllPopularCars -->
  <testcase classname="com.newbikes.test.UsedCarsTest" name="clickAllPopularCars" time="0.0">
    <skipped/>
  </testcase> <!-- clickAllPopularCars -->
  <testcase classname="com.newbikes.test.UsedCarsTest" name="updateCarModelsInExcel" time="0.0">
    <skipped/>
  </testcase> <!-- updateCarModelsInExcel -->
  <testcase classname="com.newbikes.test.UsedCarsTest" name="updateCarModelsInExcel" time="0.0">
    <skipped/>
  </testcase> <!-- updateCarModelsInExcel -->
  <testcase classname="com.newbikes.test.UsedCarsTest" name="updateCarModelsInExcel" time="0.0">
    <skipped/>
  </testcase> <!-- updateCarModelsInExcel -->
</testsuite> <!-- Surefire test -->
