<?xml version="1.0" encoding="UTF-8"?>
<!-- Generated by org.testng.reporters.JUnitXMLReporter -->
<testsuite ignored="0" hostname="DESKTOP-FU4RHC0" failures="1" tests="18" name="GoogleSignInTest" time="263.093" errors="0" timestamp="2022-12-20T18:47:16 IST">
  <testcase classname="com.newbikes.test.GoogleSignInTest" name="testGoogleSignIn" time="15.282"/>
  <testcase classname="com.newbikes.test.GoogleSignInTest" name="clickSignInButton" time="4.969"/>
  <testcase classname="com.newbikes.test.GoogleSignInTest" name="clickGoogleButton" time="4.109"/>
  <testcase classname="com.newbikes.test.GoogleSignInTest" name="enterUserName" time="3.446"/>
  <testcase classname="com.newbikes.test.GoogleSignInTest" name="clickNextButton" time="1.584"/>
  <testcase classname="com.newbikes.test.GoogleSignInTest" name="getErrorMessage" time="4.355"/>
  <testcase classname="com.newbikes.test.GoogleSignInTest" name="testGoogleSignIn" time="8.57"/>
  <testcase classname="com.newbikes.test.GoogleSignInTest" name="clickSignInButton" time="5.655"/>
  <testcase classname="com.newbikes.test.GoogleSignInTest" name="clickGoogleButton" time="3.749"/>
  <testcase classname="com.newbikes.test.GoogleSignInTest" name="enterUserName" time="7.565"/>
  <testcase classname="com.newbikes.test.GoogleSignInTest" name="clickNextButton" time="1.97"/>
  <testcase classname="com.newbikes.test.GoogleSignInTest" name="getErrorMessage" time="4.434"/>
  <testcase classname="com.newbikes.test.GoogleSignInTest" name="testGoogleSignIn" time="189.483">
    <failure type="org.openqa.selenium.SessionNotCreatedException" message="Could not start a new session. Possible causes are invalid address of the remote server or browser start-up failure. 
Host info: host: &amp;apos;DESKTOP-FU4RHC0&amp;apos;, ip: &amp;apos;192.168.1.3&amp;apos;">
      <![CDATA[org.openqa.selenium.SessionNotCreatedException: Could not start a new session. Possible causes are invalid address of the remote server or browser start-up failure. 
Host info: host: 'DESKTOP-FU4RHC0', ip: '192.168.1.3'
at org.openqa.selenium.remote.RemoteWebDriver.execute(RemoteWebDriver.java:559)
at org.openqa.selenium.remote.RemoteWebDriver.startSession(RemoteWebDriver.java:242)
at org.openqa.selenium.remote.RemoteWebDriver.<init>(RemoteWebDriver.java:157)
at org.openqa.selenium.firefox.FirefoxDriver.<init>(FirefoxDriver.java:111)
at org.openqa.selenium.firefox.FirefoxDriver.<init>(FirefoxDriver.java:99)
at org.openqa.selenium.firefox.FirefoxDriver.<init>(FirefoxDriver.java:95)
at com.newbikes.base.Base.openBrowser(Base.java:62)
at com.newbikes.test.GoogleSignInTest.testGoogleSignIn(GoogleSignInTest.java:29)
at java.base/java.util.ArrayList.forEach(ArrayList.java:1511)
Caused by: org.openqa.selenium.TimeoutException: java.util.concurrent.TimeoutException
Build info: version: '4.6.0', revision: '79f1c02ae20'
System info: os.name: 'Windows 11', os.arch: 'amd64', os.version: '10.0', java.version: '19'
Driver info: driver.version: FirefoxDriver
at org.openqa.selenium.remote.http.netty.NettyHttpHandler.makeCall(NettyHttpHandler.java:65)
at org.openqa.selenium.remote.http.AddSeleniumUserAgent.lambda$apply$0(AddSeleniumUserAgent.java:42)
at org.openqa.selenium.remote.http.Filter.lambda$andFinally$1(Filter.java:56)
at org.openqa.selenium.remote.http.netty.NettyHttpHandler.execute(NettyHttpHandler.java:49)
at org.openqa.selenium.remote.http.AddSeleniumUserAgent.lambda$apply$0(AddSeleniumUserAgent.java:42)
at org.openqa.selenium.remote.http.Filter.lambda$andFinally$1(Filter.java:56)
at org.openqa.selenium.remote.http.netty.NettyClient.execute(NettyClient.java:99)
at org.openqa.selenium.remote.ProtocolHandshake.createSession(ProtocolHandshake.java:122)
at org.openqa.selenium.remote.ProtocolHandshake.createSession(ProtocolHandshake.java:101)
at org.openqa.selenium.remote.ProtocolHandshake.createSession(ProtocolHandshake.java:67)
at org.openqa.selenium.remote.HttpCommandExecutor.execute(HttpCommandExecutor.java:156)
at org.openqa.selenium.remote.service.DriverCommandExecutor.invokeExecute(DriverCommandExecutor.java:167)
at org.openqa.selenium.remote.service.DriverCommandExecutor.execute(DriverCommandExecutor.java:142)
at org.openqa.selenium.remote.RemoteWebDriver.execute(RemoteWebDriver.java:541)
... 33 more
Caused by: java.util.concurrent.TimeoutException
at java.base/java.util.concurrent.CompletableFuture.timedGet(CompletableFuture.java:1960)
at java.base/java.util.concurrent.CompletableFuture.get(CompletableFuture.java:2095)
at org.asynchttpclient.netty.NettyResponseFuture.get(NettyResponseFuture.java:206)
at org.openqa.selenium.remote.http.netty.NettyHttpHandler.makeCall(NettyHttpHandler.java:59)
... 46 more
... Removed 25 stack frames]]>
    </failure>
  </testcase> <!-- testGoogleSignIn -->
  <testcase classname="com.newbikes.test.GoogleSignInTest" name="clickSignInButton" time="0.0">
    <skipped/>
  </testcase> <!-- clickSignInButton -->
  <testcase classname="com.newbikes.test.GoogleSignInTest" name="clickGoogleButton" time="0.001">
    <skipped/>
  </testcase> <!-- clickGoogleButton -->
  <testcase classname="com.newbikes.test.GoogleSignInTest" name="enterUserName" time="0.0">
    <skipped/>
  </testcase> <!-- enterUserName -->
  <testcase classname="com.newbikes.test.GoogleSignInTest" name="clickNextButton" time="0.0">
    <skipped/>
  </testcase> <!-- clickNextButton -->
  <testcase classname="com.newbikes.test.GoogleSignInTest" name="getErrorMessage" time="0.0">
    <skipped/>
  </testcase> <!-- getErrorMessage -->
</testsuite> <!-- GoogleSignInTest -->
