<?xml version="1.0" encoding="UTF-8"?>
<!-- Generated by org.testng.reporters.JUnitXMLReporter -->
<testsuite ignored="0" hostname="LAPTOP-E24ARRP0" failures="1" tests="18" name="GoogleSignInTest" time="52.092" errors="0" timestamp="2023-01-19T18:21:47 IST">
  <testcase classname="com.newbikes.test.GoogleSignInTest" name="testGoogleSignIn" time="13.772"/>
  <testcase classname="com.newbikes.test.GoogleSignInTest" name="clickSignInButton" time="1.985"/>
  <testcase classname="com.newbikes.test.GoogleSignInTest" name="clickGoogleButton" time="1.943"/>
  <testcase classname="com.newbikes.test.GoogleSignInTest" name="enterUserName" time="2.812"/>
  <testcase classname="com.newbikes.test.GoogleSignInTest" name="clickNextButton" time="1.458"/>
  <testcase classname="com.newbikes.test.GoogleSignInTest" name="getErrorMessage" time="4.187"/>
  <testcase classname="com.newbikes.test.GoogleSignInTest" name="testGoogleSignIn" time="9.81"/>
  <testcase classname="com.newbikes.test.GoogleSignInTest" name="clickSignInButton" time="1.657"/>
  <testcase classname="com.newbikes.test.GoogleSignInTest" name="clickGoogleButton" time="1.895"/>
  <testcase classname="com.newbikes.test.GoogleSignInTest" name="enterUserName" time="1.841"/>
  <testcase classname="com.newbikes.test.GoogleSignInTest" name="clickNextButton" time="1.475"/>
  <testcase classname="com.newbikes.test.GoogleSignInTest" name="getErrorMessage" time="4.197"/>
  <testcase classname="com.newbikes.test.GoogleSignInTest" name="testGoogleSignIn" time="2.02">
    <failure type="org.openqa.selenium.SessionNotCreatedException" message="Could not start a new session. Response code 500. Message: Process unexpectedly closed with status 0 
Host info: host: &amp;apos;LAPTOP-E24ARRP0&amp;apos;, ip: &amp;apos;192.168.1.6&amp;apos;
Build info: version: &amp;apos;4.6.0&amp;apos;, revision: &amp;apos;79f1c02ae20&amp;apos;
System info: os.name: &amp;apos;Windows 11&amp;apos;, os.arch: &amp;apos;amd64&amp;apos;, os.version: &amp;apos;10.0&amp;apos;, java.version: &amp;apos;18.0.2.1&amp;apos;
Driver info: org.openqa.selenium.firefox.FirefoxDriver
Command: [null, newSession {capabilities=[Capabilities {acceptInsecureCerts: true, browserName: firefox, moz:debuggerAddress: true, moz:firefoxOptions: {}}], desiredCapabilities=Capabilities {acceptInsecureCerts: true, browserName: firefox, moz:debuggerAddress: true, moz:firefoxOptions: {}}}]">
      <![CDATA[org.openqa.selenium.SessionNotCreatedException: Could not start a new session. Response code 500. Message: Process unexpectedly closed with status 0 
Host info: host: 'LAPTOP-E24ARRP0', ip: '192.168.1.6'
Build info: version: '4.6.0', revision: '79f1c02ae20'
System info: os.name: 'Windows 11', os.arch: 'amd64', os.version: '10.0', java.version: '18.0.2.1'
Driver info: org.openqa.selenium.firefox.FirefoxDriver
Command: [null, newSession {capabilities=[Capabilities {acceptInsecureCerts: true, browserName: firefox, moz:debuggerAddress: true, moz:firefoxOptions: {}}], desiredCapabilities=Capabilities {acceptInsecureCerts: true, browserName: firefox, moz:debuggerAddress: true, moz:firefoxOptions: {}}}]
at org.openqa.selenium.remote.ProtocolHandshake.createSession(ProtocolHandshake.java:146)
at org.openqa.selenium.remote.ProtocolHandshake.createSession(ProtocolHandshake.java:101)
at org.openqa.selenium.remote.ProtocolHandshake.createSession(ProtocolHandshake.java:67)
at org.openqa.selenium.remote.HttpCommandExecutor.execute(HttpCommandExecutor.java:156)
at org.openqa.selenium.remote.service.DriverCommandExecutor.invokeExecute(DriverCommandExecutor.java:167)
at org.openqa.selenium.remote.service.DriverCommandExecutor.execute(DriverCommandExecutor.java:142)
at org.openqa.selenium.remote.RemoteWebDriver.execute(RemoteWebDriver.java:541)
at org.openqa.selenium.remote.RemoteWebDriver.startSession(RemoteWebDriver.java:242)
at org.openqa.selenium.remote.RemoteWebDriver.<init>(RemoteWebDriver.java:157)
at org.openqa.selenium.firefox.FirefoxDriver.<init>(FirefoxDriver.java:111)
at org.openqa.selenium.firefox.FirefoxDriver.<init>(FirefoxDriver.java:99)
at org.openqa.selenium.firefox.FirefoxDriver.<init>(FirefoxDriver.java:95)
at com.newbikes.base.Base.openBrowser(Base.java:65)
at com.newbikes.test.GoogleSignInTest.testGoogleSignIn(GoogleSignInTest.java:28)
at java.base/java.util.ArrayList.forEach(ArrayList.java:1511)
... Removed 25 stack frames]]>
    </failure>
  </testcase> <!-- testGoogleSignIn -->
  <testcase classname="com.newbikes.test.GoogleSignInTest" name="clickSignInButton" time="0.0">
    <skipped/>
  </testcase> <!-- clickSignInButton -->
  <testcase classname="com.newbikes.test.GoogleSignInTest" name="clickGoogleButton" time="0.0">
    <skipped/>
  </testcase> <!-- clickGoogleButton -->
  <testcase classname="com.newbikes.test.GoogleSignInTest" name="enterUserName" time="0.0">
    <skipped/>
  </testcase> <!-- enterUserName -->
  <testcase classname="com.newbikes.test.GoogleSignInTest" name="clickNextButton" time="0.0">
    <skipped/>
  </testcase> <!-- clickNextButton -->
  <testcase classname="com.newbikes.test.GoogleSignInTest" name="getErrorMessage" time="0.016">
    <skipped/>
  </testcase> <!-- getErrorMessage -->
</testsuite> <!-- GoogleSignInTest -->
