<?xml version="1.0" encoding="UTF-8"?>
<!-- Generated by org.testng.reporters.JUnitXMLReporter -->
<testsuite ignored="0" hostname="LAPTOP-E24ARRP0" failures="1" tests="18" name="UpcomingBikesTest" time="60.108" errors="0" timestamp="2023-01-19T18:22:47 IST">
  <testcase classname="com.newbikes.test.UpcomingBikesTest" name="testUpcomingBike" time="2.967"/>
  <testcase classname="com.newbikes.test.UpcomingBikesTest" name="hoverOnNewBikesMenu" time="2.118"/>
  <testcase classname="com.newbikes.test.UpcomingBikesTest" name="clickUpcomingBikes" time="11.928">
    <failure type="java.lang.AssertionError" message="null">
      <![CDATA[java.lang.AssertionError: null
at com.newbikes.test.UpcomingBikesTest.clickUpcomingBikes(UpcomingBikesTest.java:60)
at java.base/java.util.ArrayList.forEach(ArrayList.java:1511)
... Removed 27 stack frames]]>
    </failure>
  </testcase> <!-- clickUpcomingBikes -->
  <testcase classname="com.newbikes.test.UpcomingBikesTest" name="selectManufacturer" time="0.0">
    <skipped/>
  </testcase> <!-- selectManufacturer -->
  <testcase classname="com.newbikes.test.UpcomingBikesTest" name="clickViewMoreButton" time="0.0">
    <skipped/>
  </testcase> <!-- clickViewMoreButton -->
  <testcase classname="com.newbikes.test.UpcomingBikesTest" name="printNewBikeModels" time="0.0">
    <skipped/>
  </testcase> <!-- printNewBikeModels -->
  <testcase classname="com.newbikes.test.UpcomingBikesTest" name="testUpcomingBike" time="2.797"/>
  <testcase classname="com.newbikes.test.UpcomingBikesTest" name="hoverOnNewBikesMenu" time="2.425"/>
  <testcase classname="com.newbikes.test.UpcomingBikesTest" name="clickUpcomingBikes" time="3.675"/>
  <testcase classname="com.newbikes.test.UpcomingBikesTest" name="selectManufacturer" time="2.75"/>
  <testcase classname="com.newbikes.test.UpcomingBikesTest" name="clickViewMoreButton" time="6.682"/>
  <testcase classname="com.newbikes.test.UpcomingBikesTest" name="printNewBikeModels" time="1.359"/>
  <testcase classname="com.newbikes.test.UpcomingBikesTest" name="testUpcomingBike" time="4.07"/>
  <testcase classname="com.newbikes.test.UpcomingBikesTest" name="hoverOnNewBikesMenu" time="2.595"/>
  <testcase classname="com.newbikes.test.UpcomingBikesTest" name="clickUpcomingBikes" time="2.3"/>
  <testcase classname="com.newbikes.test.UpcomingBikesTest" name="selectManufacturer" time="1.768"/>
  <testcase classname="com.newbikes.test.UpcomingBikesTest" name="clickViewMoreButton" time="6.589"/>
  <testcase classname="com.newbikes.test.UpcomingBikesTest" name="printNewBikeModels" time="0.966"/>
</testsuite> <!-- UpcomingBikesTest -->
